#
# A fatal error has been detected by the Java Runtime Environment:
#
#  EXCEPTION_ACCESS_VIOLATION (0xc0000005) at pc=0x000000006630fd66, pid=7472, tid=0x00000000000026dc
#
# JRE version: Java(TM) SE Runtime Environment (8.0_111-b14) (build 1.8.0_111-b14)
# Java VM: Java HotSpot(TM) 64-Bit Server VM (25.111-b14 mixed mode windows-amd64 compressed oops)
# Problematic frame:
# V  [jvm.dll+0x3ffd66]
#
# Failed to write core dump. Minidumps are not enabled by default on client versions of Windows
#
# If you would like to submit a bug report, please visit:
#   http://bugreport.java.com/bugreport/crash.jsp
#

---------------  T H R E A D  ---------------

Current thread (0x0000000002f58800):  GCTaskThread [stack: 0x0000000013350000,0x0000000013450000] [id=9948]

siginfo: ExceptionCode=0xc0000005, reading address 0x00000000f805401c

Registers:
RAX=0x00000000f805401c, RBX=0x00000007765de850, RCX=0xcbbd1b0000000007, RDX=0xcbbd1b0000000000
RSP=0x000000001344f370, RBP=0x0000000000000001, RSI=0x000000001cc15340, RDI=0x0000000020c1c620
R8 =0x00000000f80540a8, R9 =0x1fffffffffffffff, R10=0x0000000000000008, R11=0x0000000000000000
R12=0x0000000066563bb8, R13=0x00000000f805401e, R14=0x0000000000000000, R15=0x0000000002f58c20
RIP=0x000000006630fd66, EFLAGS=0x0000000000010202

Top of Stack: (sp=0x000000001344f370)
0x000000001344f370:   00000007765de7f8 0000000000000003
0x000000001344f380:   000000001cc15340 0000000065ffbeea
0x000000001344f390:   0000000775b66eac 000000006631049b
0x000000001344f3a0:   00000006c19eb6f0 0000000000000400
0x000000001344f3b0:   0000000000000000 0000000002f4d701
0x000000001344f3c0:   0000000066563bb8 00000000663100c0
0x000000001344f3d0:   00000006c19ebee4 0000000000000000
0x000000001344f3e0:   000000001cc15340 0000000020c1c620
0x000000001344f3f0:   00000006c19ebee4 0000000066310a95
0x000000001344f400:   000000000000000d 0000000066563bb8
0x000000001344f410:   00000006c19ebe50 000000006630ffd1
0x000000001344f420:   00000007765de6b8 0000000000000005
0x000000001344f430:   000000001cc15340 00001558000007af
0x000000001344f440:   0000000020c1c5f0 00001557000007af
0x000000001344f450:   0000126e00000950 0000137a000006ad
0x000000001344f460:   0000000002f58c10 0000000002f4d770 

Instructions: (pc=0x000000006630fd66)
0x000000006630fd46:   48 8b 52 08 48 8b cb e8 ae f8 ca ff 48 63 e8 41
0x000000006630fd56:   0f b6 c5 f6 d0 a8 01 49 8b c5 74 06 48 83 e0 fd
0x000000006630fd66:   8b 00 48 c1 e8 03 83 e0 0f 3b 05 53 aa 41 00 0f
0x000000006630fd76:   83 11 01 00 00 48 8b d5 48 8b ce e8 fa f9 ff ff 


Register to memory mapping:

RAX=0x00000000f805401c is an unknown value
RBX=0x00000007765de850 is an unknown value
RCX=0xcbbd1b0000000007 is an unknown value
RDX=0xcbbd1b0000000000 is an unknown value
RSP=0x000000001344f370 is an unknown value
RBP=0x0000000000000001 is an unknown value
RSI=0x000000001cc15340 is an unknown value
RDI=0x0000000020c1c620 is an unknown value
R8 =0x00000000f80540a8 is an unknown value
R9 =0x1fffffffffffffff is an unknown value
R10=0x0000000000000008 is an unknown value
R11=0x0000000000000000 is an unknown value
R12=0x0000000066563bb8 is an unknown value
R13=0x00000000f805401e is an unknown value
R14=0x0000000000000000 is an unknown value
R15=0x0000000002f58c20 is an unknown value


Stack: [0x0000000013350000,0x0000000013450000],  sp=0x000000001344f370,  free space=1020k
Native frames: (J=compiled Java code, j=interpreted, Vv=VM code, C=native code)
V  [jvm.dll+0x3ffd66]
V  [jvm.dll+0x4000c0]
V  [jvm.dll+0x400a95]
V  [jvm.dll+0x40367b]
V  [jvm.dll+0x3f1eee]
V  [jvm.dll+0x29c43a]
C  [msvcr100.dll+0x21d9f]
C  [msvcr100.dll+0x21e3b]
C  [KERNEL32.DLL+0x12774]
C  [ntdll.dll+0x70d61]


---------------  P R O C E S S  ---------------

Java Threads: ( => current thread )
  0x0000000023033000 JavaThread "pool-2-thread-1" [_thread_blocked, id=9120, stack(0x0000000024ba0000,0x0000000024ca0000)]
  0x000000002316f800 JavaThread "File lock request listener" [_thread_in_native, id=8828, stack(0x00000000212d0000,0x00000000213d0000)]
  0x0000000020dbc800 JavaThread "pool-1-thread-1" [_thread_blocked, id=1444, stack(0x00000000211a0000,0x00000000212a0000)]
  0x000000001eb80800 JavaThread "Service Thread" daemon [_thread_blocked, id=9016, stack(0x000000001f6d0000,0x000000001f7d0000)]
  0x000000001eb1b000 JavaThread "C1 CompilerThread3" daemon [_thread_blocked, id=9976, stack(0x000000001f5d0000,0x000000001f6d0000)]
  0x000000001eb0e000 JavaThread "C2 CompilerThread2" daemon [_thread_blocked, id=9624, stack(0x000000001f4d0000,0x000000001f5d0000)]
  0x000000001eb0a000 JavaThread "C2 CompilerThread1" daemon [_thread_blocked, id=9668, stack(0x000000001f3d0000,0x000000001f4d0000)]
  0x000000001eb07000 JavaThread "C2 CompilerThread0" daemon [_thread_blocked, id=9992, stack(0x000000001f2d0000,0x000000001f3d0000)]
  0x000000001eb16000 JavaThread "Attach Listener" daemon [_thread_blocked, id=7148, stack(0x000000001f1d0000,0x000000001f2d0000)]
  0x000000001eb15000 JavaThread "Signal Dispatcher" daemon [_thread_blocked, id=8120, stack(0x000000001f0d0000,0x000000001f1d0000)]
  0x000000001eb00800 JavaThread "Finalizer" daemon [_thread_blocked, id=9152, stack(0x000000001eee0000,0x000000001efe0000)]
  0x0000000003034000 JavaThread "Reference Handler" daemon [_thread_blocked, id=6060, stack(0x000000001e9e0000,0x000000001eae0000)]
  0x000000000292e000 JavaThread "main" [_thread_blocked, id=8436, stack(0x0000000002d50000,0x0000000002e50000)]

Other Threads:
  0x000000001cc17800 VMThread [stack: 0x000000001e8e0000,0x000000001e9e0000] [id=10060]
  0x000000001ebd7800 WatcherThread [stack: 0x000000001f7d0000,0x000000001f8d0000] [id=9724]

=>0x0000000002f58800 (exited) GCTaskThread [stack: 0x0000000013350000,0x0000000013450000] [id=9948]

VM state:at safepoint (normal execution)

VM Mutex/Monitor currently owned by a thread:  ([mutex/lock_event])
[0x000000000292d1f0] Threads_lock - owner thread: 0x000000001cc17800
[0x000000000292cbf0] Heap_lock - owner thread: 0x000000000292e000

Heap:
 PSYoungGen      total 177664K, used 177632K [0x000000076ac00000, 0x0000000776c80000, 0x00000007c0000000)
  eden space 162304K, 100% used [0x000000076ac00000,0x0000000774a80000,0x0000000774a80000)
  from space 15360K, 99% used [0x0000000775c80000,0x0000000776b781f8,0x0000000776b80000)
  to   space 17408K, 99% used [0x0000000774a80000,0x0000000775b781f8,0x0000000775b80000)
 ParOldGen       total 96256K, used 22461K [0x00000006c0400000, 0x00000006c6200000, 0x000000076ac00000)
  object space 96256K, 23% used [0x00000006c0400000,0x00000006c19ef6f0,0x00000006c6200000)
 Metaspace       used 49036K, capacity 50536K, committed 50816K, reserved 1093632K
  class space    used 6615K, capacity 7005K, committed 7040K, reserved 1048576K

Card table byte_map: [0x00000000124f0000,0x0000000012cf0000] byte_map_base: 0x000000000eeee000

Marking Bits: (ParMarkBitMap*) 0x000000006672a6c0
 Begin Bits: [0x0000000013a50000, 0x0000000017a40000)
 End Bits:   [0x0000000017a40000, 0x000000001ba30000)

Polling page: 0x0000000002900000

CodeCache: size=245760Kb used=24649Kb max_used=24658Kb free=221110Kb
 bounds [0x0000000003130000, 0x0000000004960000, 0x0000000012130000]
 total_blobs=7457 nmethods=6737 adapters=631
 compilation: enabled

Compilation events (10 events):
Event: 72.430 Thread 0x000000001eb1b000 nmethod 7557 0x000000000495a090 code [0x000000000495a220, 0x000000000495a6b0]
Event: 72.430 Thread 0x000000001eb1b000 7558       3       org.gradle.internal.resource.transport.file.FileResourceConnector::<init> (5 bytes)
Event: 72.430 Thread 0x000000001eb1b000 nmethod 7558 0x0000000004950bd0 code [0x0000000004950d20, 0x0000000004950ed0]
Event: 72.430 Thread 0x000000001eb0a000 7560  s!   4       sun.security.jca.ProviderConfig::getProvider (115 bytes)
Event: 72.431 Thread 0x000000001eb0a000 nmethod 7560 0x000000000495d6d0 code [0x000000000495d820, 0x000000000495da38]
Event: 72.431 Thread 0x000000001eb0a000 7561   !   4       java.security.Provider$Service::newInstance (416 bytes)
Event: 72.434 Thread 0x000000001eb0e000 nmethod 7559 0x000000000495b650 code [0x000000000495b7e0, 0x000000000495bc78]
Event: 72.434 Thread 0x000000001eb0e000 7564       4       java.lang.Long::parseLong (272 bytes)
Event: 72.435 Thread 0x000000001eb1b000 7566       3       org.gradle.internal.logging.sink.ProgressLogEventGenerator::onOutput (72 bytes)
Event: 72.436 Thread 0x000000001eb1b000 nmethod 7566 0x000000000495c910 code [0x000000000495cb00, 0x000000000495d558]

GC Heap History (10 events):
Event: 34.982 GC heap after
Heap after GC invocations=8 (full 1):
 PSYoungGen      total 76800K, used 10850K [0x000000076ac00000, 0x0000000773a00000, 0x00000007c0000000)
  eden space 62464K, 0% used [0x000000076ac00000,0x000000076ac00000,0x000000076e900000)
  from space 14336K, 75% used [0x000000076e900000,0x000000076f398a88,0x000000076f700000)
  to   space 14336K, 0% used [0x0000000772c00000,0x0000000772c00000,0x0000000773a00000)
 ParOldGen       total 76800K, used 8016K [0x00000006c0400000, 0x00000006c4f00000, 0x000000076ac00000)
  object space 76800K, 10% used [0x00000006c0400000,0x00000006c0bd42a0,0x00000006c4f00000)
 Metaspace       used 34571K, capacity 35174K, committed 35496K, reserved 1079296K
  class space    used 4714K, capacity 4864K, committed 4864K, reserved 1048576K
}
Event: 34.982 GC heap before
{Heap before GC invocations=9 (full 2):
 PSYoungGen      total 76800K, used 10850K [0x000000076ac00000, 0x0000000773a00000, 0x00000007c0000000)
  eden space 62464K, 0% used [0x000000076ac00000,0x000000076ac00000,0x000000076e900000)
  from space 14336K, 75% used [0x000000076e900000,0x000000076f398a88,0x000000076f700000)
  to   space 14336K, 0% used [0x0000000772c00000,0x0000000772c00000,0x0000000773a00000)
 ParOldGen       total 76800K, used 8016K [0x00000006c0400000, 0x00000006c4f00000, 0x000000076ac00000)
  object space 76800K, 10% used [0x00000006c0400000,0x00000006c0bd42a0,0x00000006c4f00000)
 Metaspace       used 34571K, capacity 35174K, committed 35496K, reserved 1079296K
  class space    used 4714K, capacity 4864K, committed 4864K, reserved 1048576K
Event: 35.063 GC heap after
Heap after GC invocations=9 (full 2):
 PSYoungGen      total 76800K, used 0K [0x000000076ac00000, 0x0000000773a00000, 0x00000007c0000000)
  eden space 62464K, 0% used [0x000000076ac00000,0x000000076ac00000,0x000000076e900000)
  from space 14336K, 0% used [0x000000076e900000,0x000000076e900000,0x000000076f700000)
  to   space 14336K, 0% used [0x0000000772c00000,0x0000000772c00000,0x0000000773a00000)
 ParOldGen       total 96256K, used 18301K [0x00000006c0400000, 0x00000006c6200000, 0x000000076ac00000)
  object space 96256K, 19% used [0x00000006c0400000,0x00000006c15df618,0x00000006c6200000)
 Metaspace       used 34571K, capacity 35174K, committed 35496K, reserved 1079296K
  class space    used 4714K, capacity 4864K, committed 4864K, reserved 1048576K
}
Event: 43.554 GC heap before
{Heap before GC invocations=10 (full 2):
 PSYoungGen      total 76800K, used 62464K [0x000000076ac00000, 0x0000000773a00000, 0x00000007c0000000)
  eden space 62464K, 100% used [0x000000076ac00000,0x000000076e900000,0x000000076e900000)
  from space 14336K, 0% used [0x000000076e900000,0x000000076e900000,0x000000076f700000)
  to   space 14336K, 0% used [0x0000000772c00000,0x0000000772c00000,0x0000000773a00000)
 ParOldGen       total 96256K, used 18301K [0x00000006c0400000, 0x00000006c6200000, 0x000000076ac00000)
  object space 96256K, 19% used [0x00000006c0400000,0x00000006c15df618,0x00000006c6200000)
 Metaspace       used 40626K, capacity 41296K, committed 41728K, reserved 1085440K
  class space    used 5530K, capacity 5767K, committed 5888K, reserved 1048576K
Event: 43.557 GC heap after
Heap after GC invocations=10 (full 2):
 PSYoungGen      total 124928K, used 5047K [0x000000076ac00000, 0x0000000773780000, 0x00000007c0000000)
  eden space 113152K, 0% used [0x000000076ac00000,0x000000076ac00000,0x0000000771a80000)
  from space 11776K, 42% used [0x0000000772c00000,0x00000007730edc38,0x0000000773780000)
  to   space 14848K, 0% used [0x0000000771a80000,0x0000000771a80000,0x0000000772900000)
 ParOldGen       total 96256K, used 18373K [0x00000006c0400000, 0x00000006c6200000, 0x000000076ac00000)
  object space 96256K, 19% used [0x00000006c0400000,0x00000006c15f1628,0x00000006c6200000)
 Metaspace       used 40626K, capacity 41296K, committed 41728K, reserved 1085440K
  class space    used 5530K, capacity 5767K, committed 5888K, reserved 1048576K
}
Event: 52.170 GC heap before
{Heap before GC invocations=11 (full 2):
 PSYoungGen      total 124928K, used 118199K [0x000000076ac00000, 0x0000000773780000, 0x00000007c0000000)
  eden space 113152K, 100% used [0x000000076ac00000,0x0000000771a80000,0x0000000771a80000)
  from space 11776K, 42% used [0x0000000772c00000,0x00000007730edc38,0x0000000773780000)
  to   space 14848K, 0% used [0x0000000771a80000,0x0000000771a80000,0x0000000772900000)
 ParOldGen       total 96256K, used 18373K [0x00000006c0400000, 0x00000006c6200000, 0x000000076ac00000)
  object space 96256K, 19% used [0x00000006c0400000,0x00000006c15f1628,0x00000006c6200000)
 Metaspace       used 44421K, capacity 45560K, committed 45824K, reserved 1089536K
  class space    used 6043K, capacity 6375K, committed 6400K, reserved 1048576K
Event: 52.177 GC heap after
Heap after GC invocations=11 (full 2):
 PSYoungGen      total 128000K, used 11935K [0x000000076ac00000, 0x0000000776b80000, 0x00000007c0000000)
  eden space 113152K, 0% used [0x000000076ac00000,0x000000076ac00000,0x0000000771a80000)
  from space 14848K, 80% used [0x0000000771a80000,0x0000000772627fb0,0x0000000772900000)
  to   space 15360K, 0% used [0x0000000775c80000,0x0000000775c80000,0x0000000776b80000)
 ParOldGen       total 96256K, used 18389K [0x00000006c0400000, 0x00000006c6200000, 0x000000076ac00000)
  object space 96256K, 19% used [0x00000006c0400000,0x00000006c15f5640,0x00000006c6200000)
 Metaspace       used 44421K, capacity 45560K, committed 45824K, reserved 1089536K
  class space    used 6043K, capacity 6375K, committed 6400K, reserved 1048576K
}
Event: 56.531 GC heap before
{Heap before GC invocations=12 (full 2):
 PSYoungGen      total 128000K, used 125087K [0x000000076ac00000, 0x0000000776b80000, 0x00000007c0000000)
  eden space 113152K, 100% used [0x000000076ac00000,0x0000000771a80000,0x0000000771a80000)
  from space 14848K, 80% used [0x0000000771a80000,0x0000000772627fb0,0x0000000772900000)
  to   space 15360K, 0% used [0x0000000775c80000,0x0000000775c80000,0x0000000776b80000)
 ParOldGen       total 96256K, used 18389K [0x00000006c0400000, 0x00000006c6200000, 0x000000076ac00000)
  object space 96256K, 19% used [0x00000006c0400000,0x00000006c15f5640,0x00000006c6200000)
 Metaspace       used 48267K, capacity 49552K, committed 49664K, reserved 1091584K
  class space    used 6558K, capacity 6904K, committed 6912K, reserved 1048576K
Event: 56.540 GC heap after
Heap after GC invocations=12 (full 2):
 PSYoungGen      total 177664K, used 15328K [0x000000076ac00000, 0x0000000776c80000, 0x00000007c0000000)
  eden space 162304K, 0% used [0x000000076ac00000,0x000000076ac00000,0x0000000774a80000)
  from space 15360K, 99% used [0x0000000775c80000,0x0000000776b781f8,0x0000000776b80000)
  to   space 17408K, 0% used [0x0000000774a80000,0x0000000774a80000,0x0000000775b80000)
 ParOldGen       total 96256K, used 19437K [0x00000006c0400000, 0x00000006c6200000, 0x000000076ac00000)
  object space 96256K, 20% used [0x00000006c0400000,0x00000006c16fb6f0,0x00000006c6200000)
 Metaspace       used 48267K, capacity 49552K, committed 49664K, reserved 1091584K
  class space    used 6558K, capacity 6904K, committed 6912K, reserved 1048576K
}
Event: 72.436 GC heap before
{Heap before GC invocations=13 (full 2):
 PSYoungGen      total 177664K, used 177632K [0x000000076ac00000, 0x0000000776c80000, 0x00000007c0000000)
  eden space 162304K, 100% used [0x000000076ac00000,0x0000000774a80000,0x0000000774a80000)
  from space 15360K, 99% used [0x0000000775c80000,0x0000000776b781f8,0x0000000776b80000)
  to   space 17408K, 0% used [0x0000000774a80000,0x0000000774a80000,0x0000000775b80000)
 ParOldGen       total 96256K, used 19437K [0x00000006c0400000, 0x00000006c6200000, 0x000000076ac00000)
  object space 96256K, 20% used [0x00000006c0400000,0x00000006c16fb6f0,0x00000006c6200000)
 Metaspace       used 49036K, capacity 50536K, committed 50816K, reserved 1093632K
  class space    used 6615K, capacity 7005K, committed 7040K, reserved 1048576K

Deoptimization events (10 events):
Event: 58.731 Thread 0x000000000292e000 Uncommon trap: reason=unstable_if action=reinterpret pc=0x00000000042e3058 method=org.apache.xerces.util.XMLStringBuffer.append(C)V @ 11
Event: 62.821 Thread 0x000000000292e000 Uncommon trap: reason=unstable_if action=reinterpret pc=0x0000000004838b28 method=org.gradle.api.internal.artifacts.ivyservice.ivyresolve.strategy.VersionParser.transform(Ljava/lang/String;)Lorg/gradle/api/internal/artifacts/ivyservice/ivyresolve/strategy
Event: 66.239 Thread 0x000000000292e000 Uncommon trap: reason=unstable_if action=reinterpret pc=0x000000000456ed7c method=org.gradle.api.internal.artifacts.ivyservice.resolveengine.excludes.ModuleExcludeRuleFilters.excludeAny([Lorg/apache/ivy/core/module/descriptor/ExcludeRule;)Lorg/gradle/api/
Event: 66.241 Thread 0x000000000292e000 Uncommon trap: reason=predicate action=maybe_recompile pc=0x0000000004730200 method=org.gradle.util.CollectionUtils.collect(Ljava/lang/Iterable;Ljava/util/Collection;Lorg/gradle/api/Transformer;)Ljava/util/Collection; @ 16
Event: 66.242 Thread 0x000000000292e000 Uncommon trap: reason=unstable_if action=reinterpret pc=0x0000000003594974 method=org.gradle.api.internal.artifacts.ivyservice.resolveengine.excludes.ModuleExcludeRuleFilters.intersect(Lorg/gradle/api/internal/artifacts/ivyservice/resolveengine/excludes/M
Event: 66.242 Thread 0x000000000292e000 Uncommon trap: reason=unstable_if action=reinterpret pc=0x00000000047b4b0c method=org.gradle.api.internal.artifacts.DefaultModuleIdentifier.equals(Ljava/lang/Object;)Z @ 56
Event: 66.480 Thread 0x000000000292e000 Uncommon trap: reason=class_check action=maybe_recompile pc=0x00000000048788d4 method=org.gradle.api.internal.artifacts.ivyservice.resolveengine.artifact.ResolvedArtifactsGraphVisitor.getArtifacts(Lorg/gradle/api/internal/artifacts/ivyservice/resolveengin
Event: 66.484 Thread 0x000000000292e000 Uncommon trap: reason=class_check action=maybe_recompile pc=0x00000000048788d4 method=org.gradle.api.internal.artifacts.ivyservice.resolveengine.artifact.ResolvedArtifactsGraphVisitor.getArtifacts(Lorg/gradle/api/internal/artifacts/ivyservice/resolveengin
Event: 66.484 Thread 0x000000000292e000 Uncommon trap: reason=class_check action=maybe_recompile pc=0x00000000048788d4 method=org.gradle.api.internal.artifacts.ivyservice.resolveengine.artifact.ResolvedArtifactsGraphVisitor.getArtifacts(Lorg/gradle/api/internal/artifacts/ivyservice/resolveengin
Event: 66.484 Thread 0x000000000292e000 Uncommon trap: reason=class_check action=maybe_recompile pc=0x00000000048788d4 method=org.gradle.api.internal.artifacts.ivyservice.resolveengine.artifact.ResolvedArtifactsGraphVisitor.getArtifacts(Lorg/gradle/api/internal/artifacts/ivyservice/resolveengin

Internal exceptions (10 events):
Event: 66.885 Thread 0x000000000292e000 Exception <a 'java/lang/ClassNotFoundException': build_4v7fubenm9i2kdx22zun3hg1eCustomizer> (0x0000000772920f28) thrown at [C:\re\workspace\8-2-build-windows-amd64-cygwin\jdk8u111\7883\hotspot\src\share\vm\classfile\systemDictionary.cpp, line 210]
Event: 72.176 Thread 0x000000000292e000 Exception <a 'java/security/PrivilegedActionException'> (0x00000007735272a0) thrown at [C:\re\workspace\8-2-build-windows-amd64-cygwin\jdk8u111\7883\hotspot\src\share\vm\prims\jvm.cpp, line 1386]
Event: 72.176 Thread 0x000000000292e000 Exception <a 'java/security/PrivilegedActionException'> (0x0000000773527c50) thrown at [C:\re\workspace\8-2-build-windows-amd64-cygwin\jdk8u111\7883\hotspot\src\share\vm\prims\jvm.cpp, line 1386]
Event: 72.186 Thread 0x000000000292e000 Exception <a 'java/security/PrivilegedActionException'> (0x000000077364b680) thrown at [C:\re\workspace\8-2-build-windows-amd64-cygwin\jdk8u111\7883\hotspot\src\share\vm\prims\jvm.cpp, line 1386]
Event: 72.186 Thread 0x000000000292e000 Exception <a 'java/security/PrivilegedActionException'> (0x000000077364c030) thrown at [C:\re\workspace\8-2-build-windows-amd64-cygwin\jdk8u111\7883\hotspot\src\share\vm\prims\jvm.cpp, line 1386]
Event: 72.186 Thread 0x000000000292e000 Exception <a 'java/security/PrivilegedActionException'> (0x000000077364e918) thrown at [C:\re\workspace\8-2-build-windows-amd64-cygwin\jdk8u111\7883\hotspot\src\share\vm\prims\jvm.cpp, line 1386]
Event: 72.186 Thread 0x000000000292e000 Exception <a 'java/security/PrivilegedActionException'> (0x000000077364f2c8) thrown at [C:\re\workspace\8-2-build-windows-amd64-cygwin\jdk8u111\7883\hotspot\src\share\vm\prims\jvm.cpp, line 1386]
Event: 72.188 Thread 0x000000000292e000 Exception <a 'java/lang/ClassNotFoundException': build_4v7fubenm9i2kdx22zun3hg1eBeanInfo> (0x00000007736a3690) thrown at [C:\re\workspace\8-2-build-windows-amd64-cygwin\jdk8u111\7883\hotspot\src\share\vm\classfile\systemDictionary.cpp, line 210]
Event: 72.189 Thread 0x000000000292e000 Exception <a 'java/lang/ClassNotFoundException': build_4v7fubenm9i2kdx22zun3hg1eCustomizer> (0x00000007736b8830) thrown at [C:\re\workspace\8-2-build-windows-amd64-cygwin\jdk8u111\7883\hotspot\src\share\vm\classfile\systemDictionary.cpp, line 210]
Event: 72.208 Thread 0x000000000292e000 Exception <a 'sun/nio/fs/WindowsException'> (0x0000000773871488) thrown at [C:\re\workspace\8-2-build-windows-amd64-cygwin\jdk8u111\7883\hotspot\src\share\vm\prims\jni.cpp, line 709]

Events (10 events):
Event: 72.204 loading class groovy/runtime/metaclass/build_4v7fubenm9i2kdx22zun3hg1e$_run_closure1$_closure5MetaClass done
Event: 72.204 loading class build_4v7fubenm9i2kdx22zun3hg1e$_run_closure2
Event: 72.204 loading class build_4v7fubenm9i2kdx22zun3hg1e$_run_closure2 done
Event: 72.205 loading class groovy/runtime/metaclass/build_4v7fubenm9i2kdx22zun3hg1e$_run_closure2MetaClass
Event: 72.205 loading class groovy/runtime/metaclass/build_4v7fubenm9i2kdx22zun3hg1e$_run_closure2MetaClass done
Event: 72.205 loading class build_4v7fubenm9i2kdx22zun3hg1e$_run_closure3
Event: 72.205 loading class build_4v7fubenm9i2kdx22zun3hg1e$_run_closure3 done
Event: 72.206 loading class groovy/runtime/metaclass/build_4v7fubenm9i2kdx22zun3hg1e$_run_closure3MetaClass
Event: 72.206 loading class groovy/runtime/metaclass/build_4v7fubenm9i2kdx22zun3hg1e$_run_closure3MetaClass done
Event: 72.436 Executing VM operation: ParallelGCFailedAllocation


Dynamic libraries:
0x00007ff6b5180000 - 0x00007ff6b51b7000 	C:\Program Files\Java\jdk1.8.0_111\bin\java.exe
0x00007ffc78450000 - 0x00007ffc7862b000 	C:\WINDOWS\SYSTEM32\ntdll.dll
0x00007ffc5fa60000 - 0x00007ffc5fa93000 	C:\Program Files\AVAST Software\Avast\x64\aswhooka.dll
0x00007ffc77de0000 - 0x00007ffc77e8e000 	C:\WINDOWS\System32\KERNEL32.DLL
0x00007ffc74b40000 - 0x00007ffc74d89000 	C:\WINDOWS\System32\KERNELBASE.dll
0x00007ffc759e0000 - 0x00007ffc75a81000 	C:\WINDOWS\System32\ADVAPI32.dll
0x00007ffc76670000 - 0x00007ffc7670d000 	C:\WINDOWS\System32\msvcrt.dll
0x00007ffc77e90000 - 0x00007ffc77ee9000 	C:\WINDOWS\System32\sechost.dll
0x00007ffc782b0000 - 0x00007ffc783d5000 	C:\WINDOWS\System32\RPCRT4.dll
0x00007ffc78160000 - 0x00007ffc782aa000 	C:\WINDOWS\System32\USER32.dll
0x00007ffc750f0000 - 0x00007ffc7510e000 	C:\WINDOWS\System32\win32u.dll
0x00007ffc78130000 - 0x00007ffc78157000 	C:\WINDOWS\System32\GDI32.dll
0x00007ffc74f60000 - 0x00007ffc750e9000 	C:\WINDOWS\System32\gdi32full.dll
0x00007ffc75910000 - 0x00007ffc759aa000 	C:\WINDOWS\System32\msvcp_win.dll
0x00007ffc75810000 - 0x00007ffc75906000 	C:\WINDOWS\System32\ucrtbase.dll
0x00007ffc6ac40000 - 0x00007ffc6aea7000 	C:\WINDOWS\WinSxS\amd64_microsoft.windows.common-controls_6595b64144ccf1df_6.0.15063.0_none_108e4f62dfe5d999\COMCTL32.dll
0x00007ffc75f30000 - 0x00007ffc76229000 	C:\WINDOWS\System32\combase.dll
0x00007ffc74a20000 - 0x00007ffc74a8a000 	C:\WINDOWS\System32\bcryptPrimitives.dll
0x00007ffc75f00000 - 0x00007ffc75f2d000 	C:\WINDOWS\System32\IMM32.DLL
0x000000007e110000 - 0x000000007e1e5000 	C:\Program Files\cmdr\vendor\conemu-maximus5\ConEmu\ConEmuHk64.dll
0x00000000667b0000 - 0x0000000066882000 	C:\Program Files\Java\jdk1.8.0_111\jre\bin\msvcr100.dll
0x0000000065f10000 - 0x00000000667aa000 	C:\Program Files\Java\jdk1.8.0_111\jre\bin\server\jvm.dll
0x00007ffc70910000 - 0x00007ffc70919000 	C:\WINDOWS\SYSTEM32\WSOCK32.dll
0x00007ffc783e0000 - 0x00007ffc7844c000 	C:\WINDOWS\System32\WS2_32.dll
0x00007ffc72000000 - 0x00007ffc72023000 	C:\WINDOWS\SYSTEM32\WINMM.dll
0x00007ffc72cf0000 - 0x00007ffc72cfa000 	C:\WINDOWS\SYSTEM32\VERSION.dll
0x00007ffc71f90000 - 0x00007ffc71fbb000 	C:\WINDOWS\SYSTEM32\WINMMBASE.dll
0x00000000028f0000 - 0x00000000028f8000 	C:\WINDOWS\System32\PSAPI.DLL
0x0000000002930000 - 0x0000000002979000 	C:\WINDOWS\System32\cfgmgr32.dll
0x0000000065f00000 - 0x0000000065f0f000 	C:\Program Files\Java\jdk1.8.0_111\jre\bin\verify.dll
0x0000000065ed0000 - 0x0000000065ef9000 	C:\Program Files\Java\jdk1.8.0_111\jre\bin\java.dll
0x0000000065eb0000 - 0x0000000065ec6000 	C:\Program Files\Java\jdk1.8.0_111\jre\bin\zip.dll
0x00007ffc769a0000 - 0x00007ffc77dd7000 	C:\WINDOWS\System32\SHELL32.dll
0x00007ffc75e50000 - 0x00007ffc75efa000 	C:\WINDOWS\System32\shcore.dll
0x00007ffc75110000 - 0x00007ffc75802000 	C:\WINDOWS\System32\windows.storage.dll
0x00007ffc75aa0000 - 0x00007ffc75af1000 	C:\WINDOWS\System32\shlwapi.dll
0x00007ffc74900000 - 0x00007ffc74911000 	C:\WINDOWS\System32\kernel.appcore.dll
0x00007ffc74920000 - 0x00007ffc7496c000 	C:\WINDOWS\System32\powrprof.dll
0x00007ffc748e0000 - 0x00007ffc748f5000 	C:\WINDOWS\System32\profapi.dll
0x0000000065e90000 - 0x0000000065eaa000 	C:\Program Files\Java\jdk1.8.0_111\jre\bin\net.dll
0x00007ffc73e40000 - 0x00007ffc73e9c000 	C:\WINDOWS\system32\mswsock.dll
0x0000000065e70000 - 0x0000000065e81000 	C:\Program Files\Java\jdk1.8.0_111\jre\bin\nio.dll
0x00007ffc67a00000 - 0x00007ffc67a12000 	C:\Users\Evan\.gradle\native\19\windows-amd64\native-platform.dll
0x0000000180000000 - 0x0000000180037000 	C:\Users\Evan\.gradle\native\jna\win32-amd64\jnidispatch.dll
0x00007ffc74360000 - 0x00007ffc74377000 	C:\WINDOWS\SYSTEM32\CRYPTSP.dll
0x00007ffc73a60000 - 0x00007ffc73a94000 	C:\WINDOWS\system32\rsaenh.dll
0x00007ffc74790000 - 0x00007ffc747b5000 	C:\WINDOWS\SYSTEM32\bcrypt.dll
0x00007ffc747c0000 - 0x00007ffc747e9000 	C:\WINDOWS\SYSTEM32\USERENV.dll
0x00007ffc74780000 - 0x00007ffc7478b000 	C:\WINDOWS\SYSTEM32\CRYPTBASE.dll
0x00007ffc73be0000 - 0x00007ffc73c17000 	C:\WINDOWS\SYSTEM32\IPHLPAPI.DLL
0x00007ffc759d0000 - 0x00007ffc759d8000 	C:\WINDOWS\System32\NSI.dll
0x00007ffc6fa20000 - 0x00007ffc6fa36000 	C:\WINDOWS\SYSTEM32\dhcpcsvc6.DLL
0x00007ffc6fa00000 - 0x00007ffc6fa1a000 	C:\WINDOWS\SYSTEM32\dhcpcsvc.DLL
0x0000000065e60000 - 0x0000000065e6d000 	C:\Program Files\Java\jdk1.8.0_111\jre\bin\management.dll
0x00007ffc743f0000 - 0x00007ffc74599000 	C:\WINDOWS\SYSTEM32\dbghelp.dll

VM Arguments:
jvm_args: -Dorg.gradle.appname=gradlew 
java_command: org.gradle.wrapper.GradleWrapperMain installRelease
java_class_path (initial): C:\Users\Evan\react\ordr\android\\gradle\wrapper\gradle-wrapper.jar
Launcher Type: SUN_STANDARD

Environment Variables:
JAVA_HOME=C:\Program Files\Java\jdk1.8.0_111
CLASSPATH=C:\Users\Evan\react\ordr\android\\gradle\wrapper\gradle-wrapper.jar
PATH=C:\Program Files\cmdr\bin;C:\Program Files\cmdr\vendor\git-for-windows\cmd;C:\Program Files\cmdr\vendor\conemu-maximus5\ConEmu\Scripts;C:\Program Files\cmdr\vendor\conemu-maximus5;C:\Program Files\cmdr\vendor\conemu-maximus5\ConEmu;C:\ProgramData\Oracle\Java\javapath;C:\WINDOWS\system32;C:\WINDOWS;C:\WINDOWS\System32\Wbem;C:\WINDOWS\System32\WindowsPowerShell\v1.0\;C:\Program Files (x86)\NVIDIA Corporation\PhysX\Common;C:\Program Files (x86)\GtkSharp\2.12\bin;C:\Program Files\nodejs\;C:\Program Files (x86)\Yarn\bin;C:\WINDOWS\system32;C:\WINDOWS;C:\WINDOWS\System32\Wbem;C:\WINDOWS\System32\WindowsPowerShell\v1.0\;C:\Users\Evan\AppData\Local\Microsoft\WindowsApps;C:\Users\Evan\AppData\Local\atom\bin;C:\Users\Evan\AppData\Roaming\npm;C:\Users\Evan\AppData\Local\Yarn\.bin;C:\Users\Evan\AppData\Local\Android\sdk\platform-tools;%USERPROFILE%\AppData\Local\Microsoft\WindowsApps;;C:\Program Files\cmdr\vendor\git-for-windows\usr\bin;C:\Program Files\cmdr\vendor\git-for-windows\usr\share\vim\vim74;C:\Program Files\cmdr\
USERNAME=Evan
OS=Windows_NT
PROCESSOR_IDENTIFIER=Intel64 Family 6 Model 42 Stepping 7, GenuineIntel



---------------  S Y S T E M  ---------------

OS: Windows 10.0 , 64 bit Build 15063 (10.0.15063.0)

CPU:total 8 (4 cores per cpu, 2 threads per core) family 6 model 42 stepping 7, cmov, cx8, fxsr, mmx, sse, sse2, sse3, ssse3, sse4.1, sse4.2, popcnt, avx, aes, clmul, ht, tsc, tscinvbit

Memory: 4k page, physical 16760108k(12263804k free), swap 33537324k(28878508k free)

vm_info: Java HotSpot(TM) 64-Bit Server VM (25.111-b14) for windows-amd64 JRE (1.8.0_111-b14), built on Sep 22 2016 19:24:05 by "java_re" with MS VC++ 10.0 (VS2010)

time: Thu May 04 21:34:59 2017
elapsed time: 72 seconds (0d 0h 1m 12s)

