#
# A fatal error has been detected by the Java Runtime Environment:
#
#  EXCEPTION_ACCESS_VIOLATION (0xc0000005) at pc=0x0000000051da1310, pid=9660, tid=0x0000000000001d48
#
# JRE version: Java(TM) SE Runtime Environment (8.0_111-b14) (build 1.8.0_111-b14)
# Java VM: Java HotSpot(TM) 64-Bit Server VM (25.111-b14 mixed mode windows-amd64 compressed oops)
# Problematic frame:
# V  [jvm.dll+0x4a1310]
#
# Failed to write core dump. Minidumps are not enabled by default on client versions of Windows
#
# If you would like to submit a bug report, please visit:
#   http://bugreport.java.com/bugreport/crash.jsp
#

---------------  T H R E A D  ---------------

Current thread (0x000000001ee26000):  JavaThread "C2 CompilerThread0" daemon [_thread_in_native, id=7496, stack(0x000000001f690000,0x000000001f790000)]

siginfo: ExceptionCode=0xc0000005, reading address 0x000000085211ae00

Registers:
RAX=0x0000000000000000, RBX=0x00000000266cf2b0, RCX=0x000000085211ae00, RDX=0x0000000000000000
RSP=0x000000001f78c2c0, RBP=0x0000000000000008, RSI=0x0000000000000040, RDI=0x000000001f78c310
R8 =0x000000002671ec70, R9 =0x00000000270abbe0, R10=0x0000000051900000, R11=0x000000001f78c1e0
R12=0x000000005211ae00, R13=0x0000000051900000, R14=0x000000001efabe48, R15=0x00000000000003d8
RIP=0x0000000051da1310, EFLAGS=0x0000000000010246

Top of Stack: (sp=0x000000001f78c2c0)
0x000000001f78c2c0:   000000001f78ea90 00000000266cef90
0x000000001f78c2d0:   fffffffffffffff8 000000001ee209b0
0x000000001f78c2e0:   00000000000034ad 0000000051d9c3df
0x000000001f78c2f0:   00000000266cf2b0 00000000266cf2b0
0x000000001f78c300:   00000000000034ad 000000001f78c3f0
0x000000001f78c310:   0000000000000000 0000000000000008
0x000000001f78c320:   000000085211ae00 0000000000000000
0x000000001f78c330:   0000000023952fd8 0000000000000041
0x000000001f78c340:   000000002671ec70 000000001f78c6e0
0x000000001f78c350:   000000001efaba70 000000001f78c6e0
0x000000001f78c360:   000000001efaba60 0000000051d68461
0x000000001f78c370:   0000000000000000 000000001f78c470
0x000000001f78c380:   0000000000000000 0000000000000009
0x000000001f78c390:   0000000000000002 000000001efaba60
0x000000001f78c3a0:   00000000270a8960 00000000270abc70
0x000000001f78c3b0:   00000000270b0948 0000000001336da8 

Instructions: (pc=0x0000000051da1310)
0x0000000051da12f0:   48 8b 4f 20 48 39 04 0e 0f 84 9d 00 00 00 48 8b
0x0000000051da1300:   0c 0e 33 d2 33 c0 48 89 4f 10 66 0f 1f 44 00 00
0x0000000051da1310:   83 3c 08 00 0f 85 36 01 00 00 ff c2 48 83 c0 04
0x0000000051da1320:   83 fa 08 72 eb 48 8b 47 30 48 89 44 24 30 48 85 


Register to memory mapping:

RAX=0x0000000000000000 is an unknown value
RBX=0x00000000266cf2b0 is an unknown value
RCX=0x000000085211ae00 is an unknown value
RDX=0x0000000000000000 is an unknown value
RSP=0x000000001f78c2c0 is pointing into the stack for thread: 0x000000001ee26000
RBP=0x0000000000000008 is an unknown value
RSI=0x0000000000000040 is an unknown value
RDI=0x000000001f78c310 is pointing into the stack for thread: 0x000000001ee26000
R8 =0x000000002671ec70 is an unknown value
R9 =0x00000000270abbe0 is an unknown value
R10=0x0000000051900000 is an unknown value
R11=0x000000001f78c1e0 is pointing into the stack for thread: 0x000000001ee26000
R12=0x000000005211ae00 is an unknown value
R13=0x0000000051900000 is an unknown value
R14=0x000000001efabe48 is an unknown value
R15=0x00000000000003d8 is an unknown value


Stack: [0x000000001f690000,0x000000001f790000],  sp=0x000000001f78c2c0,  free space=1008k
Native frames: (J=compiled Java code, j=interpreted, Vv=VM code, C=native code)
V  [jvm.dll+0x4a1310]
V  [jvm.dll+0x49c3df]
V  [jvm.dll+0x468461]
V  [jvm.dll+0x47374b]
V  [jvm.dll+0x476057]
V  [jvm.dll+0x4589b2]
V  [jvm.dll+0xa5742]
V  [jvm.dll+0xa607f]
V  [jvm.dll+0x244b7f]
V  [jvm.dll+0x29c43a]
C  [msvcr100.dll+0x21d9f]
C  [msvcr100.dll+0x21e3b]
C  [KERNEL32.DLL+0x12774]
C  [ntdll.dll+0x70d61]


Current CompileTask:
C2:   1343 1057       4       java.net.URLClassLoader$1::run (5 bytes)


---------------  P R O C E S S  ---------------

Java Threads: ( => current thread )
  0x0000000020cee800 JavaThread "pool-1-thread-1" [_thread_blocked, id=1676, stack(0x0000000021560000,0x0000000021660000)]
  0x000000001eebd800 JavaThread "Service Thread" daemon [_thread_blocked, id=9480, stack(0x000000001fa90000,0x000000001fb90000)]
  0x000000001ee28000 JavaThread "C1 CompilerThread3" daemon [_thread_in_native, id=2820, stack(0x000000001f990000,0x000000001fa90000)]
  0x000000001ee1c000 JavaThread "C2 CompilerThread2" daemon [_thread_in_native, id=10428, stack(0x000000001f890000,0x000000001f990000)]
  0x000000001ee16000 JavaThread "C2 CompilerThread1" daemon [_thread_in_native, id=7684, stack(0x000000001f790000,0x000000001f890000)]
=>0x000000001ee26000 JavaThread "C2 CompilerThread0" daemon [_thread_in_native, id=7496, stack(0x000000001f690000,0x000000001f790000)]
  0x000000001ee24800 JavaThread "Attach Listener" daemon [_thread_blocked, id=6436, stack(0x000000001f590000,0x000000001f690000)]
  0x000000001ee23800 JavaThread "Signal Dispatcher" daemon [_thread_blocked, id=7604, stack(0x000000001f490000,0x000000001f590000)]
  0x00000000033f9000 JavaThread "Finalizer" daemon [_thread_blocked, id=5576, stack(0x000000001f1f0000,0x000000001f2f0000)]
  0x000000001ceed800 JavaThread "Reference Handler" daemon [_thread_blocked, id=10800, stack(0x000000001ecf0000,0x000000001edf0000)]
  0x0000000002d8e000 JavaThread "main" [_thread_in_vm, id=5212, stack(0x0000000003160000,0x0000000003260000)]

Other Threads:
  0x000000001cee7000 VMThread [stack: 0x000000001ebf0000,0x000000001ecf0000] [id=6080]
  0x000000001eecf800 WatcherThread [stack: 0x000000001fb90000,0x000000001fc90000] [id=568]

VM state:not at safepoint (normal execution)

VM Mutex/Monitor currently owned by a thread: None

Heap:
 PSYoungGen      total 76288K, used 59258K [0x000000076ac00000, 0x0000000770100000, 0x00000007c0000000)
  eden space 65536K, 77% used [0x000000076ac00000,0x000000076dd6a588,0x000000076ec00000)
  from space 10752K, 80% used [0x000000076ec00000,0x000000076f4743d8,0x000000076f680000)
  to   space 10752K, 0% used [0x000000076f680000,0x000000076f680000,0x0000000770100000)
 ParOldGen       total 175104K, used 8K [0x00000006c0400000, 0x00000006caf00000, 0x000000076ac00000)
  object space 175104K, 0% used [0x00000006c0400000,0x00000006c0402000,0x00000006caf00000)
 Metaspace       used 18883K, capacity 19182K, committed 19328K, reserved 1067008K
  class space    used 2524K, capacity 2636K, committed 2688K, reserved 1048576K

Card table byte_map: [0x00000000127c0000,0x0000000012fc0000] byte_map_base: 0x000000000f1be000

Marking Bits: (ParMarkBitMap*) 0x000000005211a6c0
 Begin Bits: [0x0000000013d20000, 0x0000000017d10000)
 End Bits:   [0x0000000017d10000, 0x000000001bd00000)

Polling page: 0x00000000014d0000

CodeCache: size=245760Kb used=5714Kb max_used=5714Kb free=240045Kb
 bounds [0x0000000003400000, 0x00000000039a0000, 0x0000000012400000]
 total_blobs=1916 nmethods=1312 adapters=516
 compilation: enabled

Compilation events (10 events):
Event: 1.285 Thread 0x000000001ee28000 1314       3       org.gradle.internal.service.DefaultServiceRegistry$FactoryService::<init> (11 bytes)
Event: 1.286 Thread 0x000000001ee28000 nmethod 1314 0x000000000398ef50 code [0x000000000398f100, 0x000000000398f968]
Event: 1.292 Thread 0x000000001ee28000 1315   !   3       java.lang.ClassLoader::definePackage (77 bytes)
Event: 1.292 Thread 0x000000001ee28000 nmethod 1315 0x000000000398fc90 code [0x000000000398fe40, 0x00000000039904d8]
Event: 1.302 Thread 0x000000001ee28000 1316       3       java.net.URLClassLoader::definePackage (271 bytes)
Event: 1.304 Thread 0x000000001ee28000 nmethod 1316 0x0000000003990890 code [0x0000000003990d20, 0x0000000003993c88]
Event: 1.306 Thread 0x000000001ee28000 1317       3       sun.reflect.generics.parser.SignatureParser::parseFieldTypeSignature (6 bytes)
Event: 1.306 Thread 0x000000001ee28000 nmethod 1317 0x0000000003995910 code [0x0000000003995a80, 0x0000000003995c08]
Event: 1.306 Thread 0x000000001ee28000 1318       3       sun.reflect.generics.parser.SignatureParser::parseFieldTypeSignature (73 bytes)
Event: 1.307 Thread 0x000000001ee28000 nmethod 1318 0x0000000003995c90 code [0x0000000003995e80, 0x0000000003996338]

GC Heap History (2 events):
Event: 0.766 GC heap before
{Heap before GC invocations=1 (full 0):
 PSYoungGen      total 76288K, used 65536K [0x000000076ac00000, 0x0000000770100000, 0x00000007c0000000)
  eden space 65536K, 100% used [0x000000076ac00000,0x000000076ec00000,0x000000076ec00000)
  from space 10752K, 0% used [0x000000076f680000,0x000000076f680000,0x0000000770100000)
  to   space 10752K, 0% used [0x000000076ec00000,0x000000076ec00000,0x000000076f680000)
 ParOldGen       total 175104K, used 0K [0x00000006c0400000, 0x00000006caf00000, 0x000000076ac00000)
  object space 175104K, 0% used [0x00000006c0400000,0x00000006c0400000,0x00000006caf00000)
 Metaspace       used 11374K, capacity 11576K, committed 11648K, reserved 1058816K
  class space    used 1580K, capacity 1640K, committed 1664K, reserved 1048576K
Event: 0.771 GC heap after
Heap after GC invocations=1 (full 0):
 PSYoungGen      total 76288K, used 8656K [0x000000076ac00000, 0x0000000770100000, 0x00000007c0000000)
  eden space 65536K, 0% used [0x000000076ac00000,0x000000076ac00000,0x000000076ec00000)
  from space 10752K, 80% used [0x000000076ec00000,0x000000076f4743d8,0x000000076f680000)
  to   space 10752K, 0% used [0x000000076f680000,0x000000076f680000,0x0000000770100000)
 ParOldGen       total 175104K, used 8K [0x00000006c0400000, 0x00000006caf00000, 0x000000076ac00000)
  object space 175104K, 0% used [0x00000006c0400000,0x00000006c0402000,0x00000006caf00000)
 Metaspace       used 11374K, capacity 11576K, committed 11648K, reserved 1058816K
  class space    used 1580K, capacity 1640K, committed 1664K, reserved 1048576K
}

Deoptimization events (10 events):
Event: 1.026 Thread 0x0000000002d8e000 Uncommon trap: reason=unstable_if action=reinterpret pc=0x000000000367e790 method=java.lang.AbstractStringBuilder.append(Ljava/lang/String;)Ljava/lang/AbstractStringBuilder; @ 1
Event: 1.026 Thread 0x0000000002d8e000 Uncommon trap: reason=unstable_if action=reinterpret pc=0x0000000003622bcc method=java.lang.AbstractStringBuilder.append(Ljava/lang/String;)Ljava/lang/AbstractStringBuilder; @ 1
Event: 1.124 Thread 0x0000000002d8e000 Uncommon trap: reason=bimorphic action=maybe_recompile pc=0x000000000375dbb8 method=java.lang.ClassLoader.loadClass(Ljava/lang/String;Z)Ljava/lang/Class; @ 38
Event: 1.124 Thread 0x0000000002d8e000 Uncommon trap: reason=bimorphic action=maybe_recompile pc=0x000000000375dbb8 method=java.lang.ClassLoader.loadClass(Ljava/lang/String;Z)Ljava/lang/Class; @ 38
Event: 1.125 Thread 0x0000000002d8e000 Uncommon trap: reason=class_check action=maybe_recompile pc=0x00000000035cb680 method=sun.misc.URLClassPath.getLoader(I)Lsun/misc/URLClassPath$Loader; @ 94
Event: 1.125 Thread 0x0000000002d8e000 Uncommon trap: reason=class_check action=maybe_recompile pc=0x000000000364bbac method=sun.misc.URLClassPath.getResource(Ljava/lang/String;Z)Lsun/misc/Resource; @ 62
Event: 1.127 Thread 0x0000000002d8e000 Uncommon trap: reason=bimorphic action=maybe_recompile pc=0x000000000375dbb8 method=java.lang.ClassLoader.loadClass(Ljava/lang/String;Z)Ljava/lang/Class; @ 38
Event: 1.127 Thread 0x0000000002d8e000 Uncommon trap: reason=bimorphic action=maybe_recompile pc=0x000000000375dbb8 method=java.lang.ClassLoader.loadClass(Ljava/lang/String;Z)Ljava/lang/Class; @ 38
Event: 1.145 Thread 0x0000000002d8e000 Uncommon trap: reason=class_check action=maybe_recompile pc=0x00000000035cb810 method=sun.misc.URLClassPath.getLoader(I)Lsun/misc/URLClassPath$Loader; @ 193
Event: 1.153 Thread 0x0000000002d8e000 Uncommon trap: reason=class_check action=maybe_recompile pc=0x00000000035cb810 method=sun.misc.URLClassPath.getLoader(I)Lsun/misc/URLClassPath$Loader; @ 193

Internal exceptions (10 events):
Event: 1.181 Thread 0x0000000002d8e000 Exception <a 'java/lang/ClassNotFoundException': org/gradle/initialization/BaseSettingsBeanInfo> (0x000000076cf4cdf8) thrown at [C:\re\workspace\8-2-build-windows-amd64-cygwin\jdk8u111\7883\hotspot\src\share\vm\classfile\systemDictionary.cpp, line 210]
Event: 1.181 Thread 0x0000000002d8e000 Exception <a 'java/lang/ClassNotFoundException': org/gradle/api/internal/project/AbstractPluginAwareBeanInfo> (0x000000076cf6d3e8) thrown at [C:\re\workspace\8-2-build-windows-amd64-cygwin\jdk8u111\7883\hotspot\src\share\vm\classfile\systemDictionary.cpp,
Event: 1.182 Thread 0x0000000002d8e000 Exception <a 'java/lang/ClassNotFoundException': org/gradle/api/internal/project/AbstractPluginAwareCustomizer> (0x000000076cf8e1d0) thrown at [C:\re\workspace\8-2-build-windows-amd64-cygwin\jdk8u111\7883\hotspot\src\share\vm\classfile\systemDictionary.cp
Event: 1.182 Thread 0x0000000002d8e000 Exception <a 'java/lang/ClassNotFoundException': org/gradle/initialization/BaseSettingsCustomizer> (0x000000076cfb0648) thrown at [C:\re\workspace\8-2-build-windows-amd64-cygwin\jdk8u111\7883\hotspot\src\share\vm\classfile\systemDictionary.cpp, line 210]
Event: 1.184 Thread 0x0000000002d8e000 Exception <a 'java/lang/ClassNotFoundException': org/gradle/initialization/DefaultSettingsCustomizer> (0x000000076cff3120) thrown at [C:\re\workspace\8-2-build-windows-amd64-cygwin\jdk8u111\7883\hotspot\src\share\vm\classfile\systemDictionary.cpp, line 21
Event: 1.185 Thread 0x0000000002d8e000 Exception <a 'java/lang/ClassNotFoundException': org/gradle/initialization/DefaultSettings_DecoratedCustomizer> (0x000000076d018ec0) thrown at [C:\re\workspace\8-2-build-windows-amd64-cygwin\jdk8u111\7883\hotspot\src\share\vm\classfile\systemDictionary.cp
Event: 1.193 Thread 0x0000000002d8e000 Exception <a 'java/lang/ClassNotFoundException': org/gradle/initialization/DefaultProjectDescriptorBeanInfo> (0x000000076d0b6290) thrown at [C:\re\workspace\8-2-build-windows-amd64-cygwin\jdk8u111\7883\hotspot\src\share\vm\classfile\systemDictionary.cpp, 
Event: 1.193 Thread 0x0000000002d8e000 Exception <a 'java/lang/ClassNotFoundException': org/gradle/initialization/DefaultProjectDescriptorCustomizer> (0x000000076d0d5348) thrown at [C:\re\workspace\8-2-build-windows-amd64-cygwin\jdk8u111\7883\hotspot\src\share\vm\classfile\systemDictionary.cpp
Event: 1.242 Thread 0x0000000002d8e000 Exception <a 'java/lang/ClassNotFoundException': java/io/FileBeanInfo> (0x000000076d1ba070) thrown at [C:\re\workspace\8-2-build-windows-amd64-cygwin\jdk8u111\7883\hotspot\src\share\vm\classfile\systemDictionary.cpp, line 210]
Event: 1.242 Thread 0x0000000002d8e000 Exception <a 'java/lang/ClassNotFoundException': java/io/FileCustomizer> (0x000000076d1bbee0) thrown at [C:\re\workspace\8-2-build-windows-amd64-cygwin\jdk8u111\7883\hotspot\src\share\vm\classfile\systemDictionary.cpp, line 210]

Events (10 events):
Event: 1.305 loading class com/google/common/reflect/Invokable$MethodInvokable
Event: 1.305 loading class com/google/common/reflect/Invokable$MethodInvokable done
Event: 1.305 loading class com/google/common/reflect/TypeToken$2
Event: 1.305 loading class com/google/common/reflect/TypeToken$2 done
Event: 1.305 loading class com/google/common/reflect/Invokable$ConstructorInvokable
Event: 1.305 loading class com/google/common/reflect/Invokable$ConstructorInvokable done
Event: 1.306 loading class java/lang/Class$EnclosingMethodInfo
Event: 1.306 loading class java/lang/Class$EnclosingMethodInfo done
Event: 1.307 loading class com/google/common/reflect/TypeResolver
Event: 1.307 loading class com/google/common/reflect/TypeResolver done


Dynamic libraries:
0x00007ff77d900000 - 0x00007ff77d937000 	C:\Program Files\Java\jdk1.8.0_111\bin\java.exe
0x00007ff887770000 - 0x00007ff88794b000 	C:\WINDOWS\SYSTEM32\ntdll.dll
0x00007ff86efd0000 - 0x00007ff86f003000 	C:\Program Files\AVAST Software\Avast\x64\aswhooka.dll
0x00007ff884ce0000 - 0x00007ff884d8e000 	C:\WINDOWS\System32\KERNEL32.DLL
0x00007ff883ed0000 - 0x00007ff884119000 	C:\WINDOWS\System32\KERNELBASE.dll
0x00007ff8850f0000 - 0x00007ff885191000 	C:\WINDOWS\System32\ADVAPI32.dll
0x00007ff885f30000 - 0x00007ff885fcd000 	C:\WINDOWS\System32\msvcrt.dll
0x00007ff885ed0000 - 0x00007ff885f29000 	C:\WINDOWS\System32\sechost.dll
0x00007ff885fd0000 - 0x00007ff8860f5000 	C:\WINDOWS\System32\RPCRT4.dll
0x00007ff884f30000 - 0x00007ff88507a000 	C:\WINDOWS\System32\USER32.dll
0x00007ff884c40000 - 0x00007ff884c5e000 	C:\WINDOWS\System32\win32u.dll
0x00007ff8852f0000 - 0x00007ff885317000 	C:\WINDOWS\System32\GDI32.dll
0x00007ff883d40000 - 0x00007ff883ec9000 	C:\WINDOWS\System32\gdi32full.dll
0x00007ff884ba0000 - 0x00007ff884c3a000 	C:\WINDOWS\System32\msvcp_win.dll
0x00007ff884aa0000 - 0x00007ff884b96000 	C:\WINDOWS\System32\ucrtbase.dll
0x00007ff879d80000 - 0x00007ff879fe7000 	C:\WINDOWS\WinSxS\amd64_microsoft.windows.common-controls_6595b64144ccf1df_6.0.15063.0_none_108e4f62dfe5d999\COMCTL32.dll
0x00007ff8856a0000 - 0x00007ff885999000 	C:\WINDOWS\System32\combase.dll
0x00007ff884c60000 - 0x00007ff884cca000 	C:\WINDOWS\System32\bcryptPrimitives.dll
0x00007ff885ea0000 - 0x00007ff885ecd000 	C:\WINDOWS\System32\IMM32.DLL
0x000000007e110000 - 0x000000007e1e5000 	C:\Program Files\cmdr\vendor\conemu-maximus5\ConEmu\ConEmuHk64.dll
0x00000000521a0000 - 0x0000000052272000 	C:\Program Files\Java\jdk1.8.0_111\jre\bin\msvcr100.dll
0x0000000051900000 - 0x000000005219a000 	C:\Program Files\Java\jdk1.8.0_111\jre\bin\server\jvm.dll
0x00007ff884cd0000 - 0x00007ff884cd8000 	C:\WINDOWS\System32\PSAPI.DLL
0x00007ff867f70000 - 0x00007ff867f79000 	C:\WINDOWS\SYSTEM32\WSOCK32.dll
0x00007ff8854e0000 - 0x00007ff88554c000 	C:\WINDOWS\System32\WS2_32.dll
0x00007ff8806a0000 - 0x00007ff8806c3000 	C:\WINDOWS\SYSTEM32\WINMM.dll
0x00007ff882010000 - 0x00007ff88201a000 	C:\WINDOWS\SYSTEM32\VERSION.dll
0x00007ff880670000 - 0x00007ff88069b000 	C:\WINDOWS\SYSTEM32\WINMMBASE.dll
0x00007ff884120000 - 0x00007ff884169000 	C:\WINDOWS\System32\cfgmgr32.dll
0x0000000055c00000 - 0x0000000055c0f000 	C:\Program Files\Java\jdk1.8.0_111\jre\bin\verify.dll
0x00000000518d0000 - 0x00000000518f9000 	C:\Program Files\Java\jdk1.8.0_111\jre\bin\java.dll
0x00000000518b0000 - 0x00000000518c6000 	C:\Program Files\Java\jdk1.8.0_111\jre\bin\zip.dll
0x00007ff8861c0000 - 0x00007ff8875f7000 	C:\WINDOWS\System32\SHELL32.dll
0x00007ff8841d0000 - 0x00007ff8848c2000 	C:\WINDOWS\System32\windows.storage.dll
0x00007ff8859a0000 - 0x00007ff8859f1000 	C:\WINDOWS\System32\shlwapi.dll
0x00007ff883be0000 - 0x00007ff883bf1000 	C:\WINDOWS\System32\kernel.appcore.dll
0x00007ff883c40000 - 0x00007ff883c8c000 	C:\WINDOWS\System32\powrprof.dll
0x00007ff883c20000 - 0x00007ff883c35000 	C:\WINDOWS\System32\profapi.dll
0x000000001f3e0000 - 0x000000001f48a000 	C:\WINDOWS\System32\shcore.dll
0x0000000051890000 - 0x00000000518aa000 	C:\Program Files\Java\jdk1.8.0_111\jre\bin\net.dll
0x00007ff883160000 - 0x00007ff8831bc000 	C:\WINDOWS\system32\mswsock.dll
0x0000000051870000 - 0x0000000051881000 	C:\Program Files\Java\jdk1.8.0_111\jre\bin\nio.dll
0x00007ff87f100000 - 0x00007ff87f112000 	C:\Users\Evan\.gradle\native\19\windows-amd64\native-platform.dll
0x0000000180000000 - 0x0000000180037000 	C:\Users\Evan\.gradle\native\jna\win32-amd64\jnidispatch.dll
0x00007ff883790000 - 0x00007ff8837a7000 	C:\WINDOWS\SYSTEM32\CRYPTSP.dll
0x00007ff882d80000 - 0x00007ff882db4000 	C:\WINDOWS\system32\rsaenh.dll
0x00007ff8836f0000 - 0x00007ff883715000 	C:\WINDOWS\SYSTEM32\bcrypt.dll
0x00007ff883b10000 - 0x00007ff883b39000 	C:\WINDOWS\SYSTEM32\USERENV.dll
0x00007ff883300000 - 0x00007ff88330b000 	C:\WINDOWS\SYSTEM32\CRYPTBASE.dll
0x00007ff882f00000 - 0x00007ff882f37000 	C:\WINDOWS\SYSTEM32\IPHLPAPI.DLL
0x00007ff885430000 - 0x00007ff885438000 	C:\WINDOWS\System32\NSI.dll
0x00007ff87db30000 - 0x00007ff87db46000 	C:\WINDOWS\SYSTEM32\dhcpcsvc6.DLL
0x00007ff87db10000 - 0x00007ff87db2a000 	C:\WINDOWS\SYSTEM32\dhcpcsvc.DLL
0x0000000055bf0000 - 0x0000000055bfd000 	C:\Program Files\Java\jdk1.8.0_111\jre\bin\management.dll
0x00007ff8837b0000 - 0x00007ff883959000 	C:\WINDOWS\SYSTEM32\dbghelp.dll

VM Arguments:
jvm_args: -Dorg.gradle.appname=gradlew 
java_command: org.gradle.wrapper.GradleWrapperMain clean
java_class_path (initial): C:\Users\Evan\react\ordr\android\\gradle\wrapper\gradle-wrapper.jar
Launcher Type: SUN_STANDARD

Environment Variables:
JAVA_HOME=C:\Program Files\Java\jdk1.8.0_111
CLASSPATH=C:\Users\Evan\react\ordr\android\\gradle\wrapper\gradle-wrapper.jar
PATH=C:\Program Files\cmdr\bin;C:\Program Files\cmdr\vendor\git-for-windows\cmd;C:\Program Files\cmdr\vendor\conemu-maximus5\ConEmu\Scripts;C:\Program Files\cmdr\vendor\conemu-maximus5;C:\Program Files\cmdr\vendor\conemu-maximus5\ConEmu;C:\ProgramData\Oracle\Java\javapath;C:\WINDOWS\system32;C:\WINDOWS;C:\WINDOWS\System32\Wbem;C:\WINDOWS\System32\WindowsPowerShell\v1.0\;C:\Program Files (x86)\NVIDIA Corporation\PhysX\Common;C:\Program Files (x86)\GtkSharp\2.12\bin;C:\Program Files\nodejs\;C:\Program Files (x86)\Yarn\bin;C:\WINDOWS\system32;C:\WINDOWS;C:\WINDOWS\System32\Wbem;C:\WINDOWS\System32\WindowsPowerShell\v1.0\;C:\Users\Evan\AppData\Local\Microsoft\WindowsApps;C:\Users\Evan\AppData\Local\atom\bin;C:\Users\Evan\AppData\Roaming\npm;C:\Users\Evan\AppData\Local\Yarn\.bin;C:\Users\Evan\AppData\Local\Android\sdk\platform-tools;%USERPROFILE%\AppData\Local\Microsoft\WindowsApps;;C:\Program Files\cmdr\vendor\git-for-windows\usr\bin;C:\Program Files\cmdr\vendor\git-for-windows\usr\share\vim\vim74;C:\Program Files\cmdr\
USERNAME=Evan
OS=Windows_NT
PROCESSOR_IDENTIFIER=Intel64 Family 6 Model 42 Stepping 7, GenuineIntel



---------------  S Y S T E M  ---------------

OS: Windows 10.0 , 64 bit Build 15063 (10.0.15063.0)

CPU:total 8 (4 cores per cpu, 2 threads per core) family 6 model 42 stepping 7, cmov, cx8, fxsr, mmx, sse, sse2, sse3, ssse3, sse4.1, sse4.2, popcnt, avx, aes, clmul, ht, tsc, tscinvbit

Memory: 4k page, physical 16760108k(8547548k free), swap 33537324k(24505312k free)

vm_info: Java HotSpot(TM) 64-Bit Server VM (25.111-b14) for windows-amd64 JRE (1.8.0_111-b14), built on Sep 22 2016 19:24:05 by "java_re" with MS VC++ 10.0 (VS2010)

time: Thu May 04 15:15:57 2017
elapsed time: 1 seconds (0d 0h 0m 1s)

